2024-03-25 10:33:35,723 o.s.d.r.c.RepositoryConfigurationDelegate.registerRepositoriesIn 139 [] INFO [main] Bootstrapping Spring Data JPA repositories in DEFAULT mode.
2024-03-25 10:33:35,832 o.s.d.r.c.RepositoryConfigurationDelegate.registerRepositoriesIn 208 [] INFO [main] Finished Spring Data repository scanning in 93 ms. Found 4 JPA repository interfaces.
2024-03-25 10:33:37,003 o.s.b.w.e.tomcat.TomcatWebServer.initialize 109 [] INFO [main] Tomcat initialized with port 8080 (http)
2024-03-25 10:33:37,270 o.s.b.w.s.c.ServletWebServerApplicationContext.prepareWebApplicationContext 296 [] INFO [main] Root WebApplicationContext: initialization completed in 3238 ms
2024-03-25 10:33:38,138 o.s.o.j.p.SpringPersistenceUnitInfo.addTransformer 87 [] INFO [main] No LoadTimeWeaver setup: ignoring JPA class transformer
2024-03-25 10:33:40,832 o.s.o.j.AbstractEntityManagerFactoryBean.buildNativeEntityManagerFactory 437 [] INFO [main] Initialized JPA EntityManagerFactory for persistence unit 'default'
2024-03-25 10:33:41,785 o.s.d.j.r.query.QueryEnhancerFactory.<clinit> 49 [] INFO [main] Hibernate is in classpath; If applicable, HQL parser will be used.
2024-03-25 10:33:44,785 o.s.b.a.o.j.JpaBaseConfiguration$JpaWebConfiguration.openEntityManagerInViewInterceptor 232 [] WARN [main] spring.jpa.open-in-view is enabled by default. Therefore, database queries may be performed during view rendering. Explicitly configure spring.jpa.open-in-view to disable this warning
2024-03-25 10:33:45,635 o.s.s.web.DefaultSecurityFilterChain.<init> 54 [] INFO [main] Will secure any request with [org.springframework.security.web.session.DisableEncodeUrlFilter@7d2aa0c, org.springframework.security.web.context.request.async.WebAsyncManagerIntegrationFilter@5282f922, org.springframework.security.web.context.SecurityContextHolderFilter@41c77559, org.springframework.security.web.header.HeaderWriterFilter@43f50bfe, org.springframework.web.filter.CorsFilter@76f18f68, org.springframework.security.web.authentication.logout.LogoutFilter@5a8fb312, com.napier.mlsServices.Config.JwtAuthenticationFilter@704ddfad, org.springframework.security.web.savedrequest.RequestCacheAwareFilter@31e5f3f0, org.springframework.security.web.servletapi.SecurityContextHolderAwareRequestFilter@47c62b8e, org.springframework.security.web.authentication.AnonymousAuthenticationFilter@7e5383d1, org.springframework.security.web.session.SessionManagementFilter@28ee138c, org.springframework.security.web.access.ExceptionTranslationFilter@1204d592, org.springframework.security.web.access.intercept.AuthorizationFilter@7bb5c602]
2024-03-25 10:33:46,340 o.s.b.w.e.tomcat.TomcatWebServer.start 241 [] INFO [main] Tomcat started on port 8080 (http) with context path ''
2024-03-25 15:49:24,809 o.s.web.servlet.FrameworkServlet.initServletBean 532 [] INFO [http-nio-8080-exec-1] Initializing Servlet 'dispatcherServlet'
2024-03-25 15:49:24,881 o.s.web.servlet.FrameworkServlet.initServletBean 554 [] INFO [http-nio-8080-exec-1] Completed initialization in 69 ms
2024-03-25 21:51:12,650 o.s.d.r.c.RepositoryConfigurationDelegate.registerRepositoriesIn 139 [] INFO [main] Bootstrapping Spring Data JPA repositories in DEFAULT mode.
2024-03-25 21:51:12,744 o.s.d.r.c.RepositoryConfigurationDelegate.registerRepositoriesIn 208 [] INFO [main] Finished Spring Data repository scanning in 82 ms. Found 4 JPA repository interfaces.
2024-03-25 21:51:13,548 o.s.b.w.e.tomcat.TomcatWebServer.initialize 109 [] INFO [main] Tomcat initialized with port 8080 (http)
2024-03-25 21:51:13,718 o.s.b.w.s.c.ServletWebServerApplicationContext.prepareWebApplicationContext 296 [] INFO [main] Root WebApplicationContext: initialization completed in 2085 ms
2024-03-25 21:51:14,430 o.s.o.j.p.SpringPersistenceUnitInfo.addTransformer 87 [] INFO [main] No LoadTimeWeaver setup: ignoring JPA class transformer
2024-03-25 21:51:16,169 o.s.o.j.AbstractEntityManagerFactoryBean.buildNativeEntityManagerFactory 437 [] INFO [main] Initialized JPA EntityManagerFactory for persistence unit 'default'
2024-03-25 21:51:16,560 o.s.d.j.r.query.QueryEnhancerFactory.<clinit> 49 [] INFO [main] Hibernate is in classpath; If applicable, HQL parser will be used.
2024-03-25 21:51:17,652 o.s.b.a.o.j.JpaBaseConfiguration$JpaWebConfiguration.openEntityManagerInViewInterceptor 232 [] WARN [main] spring.jpa.open-in-view is enabled by default. Therefore, database queries may be performed during view rendering. Explicitly configure spring.jpa.open-in-view to disable this warning
2024-03-25 21:51:17,988 o.s.s.web.DefaultSecurityFilterChain.<init> 54 [] INFO [main] Will secure any request with [org.springframework.security.web.session.DisableEncodeUrlFilter@5282f922, org.springframework.security.web.context.request.async.WebAsyncManagerIntegrationFilter@76f18f68, org.springframework.security.web.context.SecurityContextHolderFilter@196d7c9e, org.springframework.security.web.header.HeaderWriterFilter@35e92c45, org.springframework.web.filter.CorsFilter@7e5383d1, org.springframework.security.web.authentication.logout.LogoutFilter@421a752b, com.napier.mlsServices.Config.JwtAuthenticationFilter@3ed4c822, org.springframework.security.web.savedrequest.RequestCacheAwareFilter@47c62b8e, org.springframework.security.web.servletapi.SecurityContextHolderAwareRequestFilter@3dd1f392, org.springframework.security.web.authentication.AnonymousAuthenticationFilter@6c43d4dd, org.springframework.security.web.session.SessionManagementFilter@3683c47f, org.springframework.security.web.access.ExceptionTranslationFilter@6a8e4df1, org.springframework.security.web.access.intercept.AuthorizationFilter@714ab3a1]
2024-03-25 21:51:18,314 o.s.b.w.e.tomcat.TomcatWebServer.start 241 [] INFO [main] Tomcat started on port 8080 (http) with context path ''
2024-03-25 22:16:56,448 o.s.web.servlet.FrameworkServlet.initServletBean 532 [] INFO [http-nio-8080-exec-1] Initializing Servlet 'dispatcherServlet'
2024-03-25 22:16:56,450 o.s.web.servlet.FrameworkServlet.initServletBean 554 [] INFO [http-nio-8080-exec-1] Completed initialization in 2 ms
