2024-03-25 10:33:33,920 o.s.boot.StartupInfoLogger.logStarting 50 [] INFO [main] Starting Application using Java 17.0.8.1 with PID 9156 (C:\Users\Sindhuja\Downloads\com.napier.mlsServices2 1\com.napier.mlsServices2\target\classes started by Sindhuja in C:\Users\Sindhuja\Downloads\com.napier.mlsServices2 1\com.napier.mlsServices2)
2024-03-25 10:33:33,931 o.s.boot.SpringApplication.logStartupProfileInfo 662 [] INFO [main] No active profile set, falling back to 1 default profile: "default"
2024-03-25 10:33:37,028 o.apache.juli.logging.DirectJDKLog.log 173 [] INFO [main] Starting service [Tomcat]
2024-03-25 10:33:37,029 o.apache.juli.logging.DirectJDKLog.log 173 [] INFO [main] Starting Servlet engine: [Apache Tomcat/10.1.17]
2024-03-25 10:33:37,269 o.apache.juli.logging.DirectJDKLog.log 173 [] INFO [main] Initializing Spring embedded WebApplicationContext
2024-03-25 10:33:37,550 o.h.jpa.internal.util.LogHelper.logPersistenceUnitInformation 31 [] INFO [main] HHH000204: Processing PersistenceUnitInfo [name: default]
2024-03-25 10:33:37,699 org.hibernate.Version.logVersion 44 [] INFO [main] HHH000412: Hibernate ORM core version 6.3.1.Final
2024-03-25 10:33:37,779 o.h.c.i.RegionFactoryInitiator.initiateService 50 [] INFO [main] HHH000026: Second-level cache disabled
2024-03-25 10:33:38,177 com.zaxxer.hikari.HikariDataSource.getConnection 110 [] INFO [main] HikariPool-1 - Starting...
2024-03-25 10:33:38,557 com.zaxxer.hikari.pool.PoolBase.getAndSetNetworkTimeout 536 [] INFO [main] HikariPool-1 - Driver does not support get/set network timeout for connections. (feature not supported)
2024-03-25 10:33:38,568 com.zaxxer.hikari.pool.HikariPool.checkFailFast 565 [] INFO [main] HikariPool-1 - Added connection org.hsqldb.jdbc.JDBCConnection@2d2fc130
2024-03-25 10:33:38,570 com.zaxxer.hikari.HikariDataSource.getConnection 123 [] INFO [main] HikariPool-1 - Start completed.
2024-03-25 10:33:38,616 o.h.e.j.d.i.DialectFactoryImpl.constructDialect 152 [] WARN [main] HHH90000025: HSQLDialect does not need to be specified explicitly using 'hibernate.dialect' (remove the property setting and it will be selected by default)
2024-03-25 10:33:40,605 o.h.e.t.j.p.i.JtaPlatformInitiator.initiateService 58 [] INFO [main] HHH000489: No JTA platform available (set 'hibernate.transaction.jta.platform' to enable JTA platform integration)
2024-03-25 10:33:46,370 o.s.boot.StartupInfoLogger.logStarted 56 [] INFO [main] Started Application in 13.245 seconds (process running for 14.466)
2024-03-25 15:49:24,794 o.apache.juli.logging.DirectJDKLog.log 173 [] INFO [http-nio-8080-exec-1] Initializing Spring DispatcherServlet 'dispatcherServlet'
2024-03-25 21:51:11,575 o.s.boot.StartupInfoLogger.logStarting 50 [] INFO [main] Starting Application using Java 17.0.8.1 with PID 2832 (C:\Users\Sindhuja\Downloads\com.napier.mlsServices2 1\com.napier.mlsServices2\target\classes started by Sindhuja in C:\Users\Sindhuja\Downloads\com.napier.mlsServices2 1\com.napier.mlsServices2)
2024-03-25 21:51:11,578 o.s.boot.SpringApplication.logStartupProfileInfo 662 [] INFO [main] No active profile set, falling back to 1 default profile: "default"
2024-03-25 21:51:13,562 o.apache.juli.logging.DirectJDKLog.log 173 [] INFO [main] Starting service [Tomcat]
2024-03-25 21:51:13,562 o.apache.juli.logging.DirectJDKLog.log 173 [] INFO [main] Starting Servlet engine: [Apache Tomcat/10.1.17]
2024-03-25 21:51:13,716 o.apache.juli.logging.DirectJDKLog.log 173 [] INFO [main] Initializing Spring embedded WebApplicationContext
2024-03-25 21:51:13,925 o.h.jpa.internal.util.LogHelper.logPersistenceUnitInformation 31 [] INFO [main] HHH000204: Processing PersistenceUnitInfo [name: default]
2024-03-25 21:51:14,024 org.hibernate.Version.logVersion 44 [] INFO [main] HHH000412: Hibernate ORM core version 6.3.1.Final
2024-03-25 21:51:14,088 o.h.c.i.RegionFactoryInitiator.initiateService 50 [] INFO [main] HHH000026: Second-level cache disabled
2024-03-25 21:51:14,468 com.zaxxer.hikari.HikariDataSource.getConnection 110 [] INFO [main] HikariPool-1 - Starting...
2024-03-25 21:51:14,794 com.zaxxer.hikari.pool.PoolBase.getAndSetNetworkTimeout 536 [] INFO [main] HikariPool-1 - Driver does not support get/set network timeout for connections. (feature not supported)
2024-03-25 21:51:14,806 com.zaxxer.hikari.pool.HikariPool.checkFailFast 565 [] INFO [main] HikariPool-1 - Added connection org.hsqldb.jdbc.JDBCConnection@6d001fbe
2024-03-25 21:51:14,808 com.zaxxer.hikari.HikariDataSource.getConnection 123 [] INFO [main] HikariPool-1 - Start completed.
2024-03-25 21:51:14,852 o.h.e.j.d.i.DialectFactoryImpl.constructDialect 152 [] WARN [main] HHH90000025: HSQLDialect does not need to be specified explicitly using 'hibernate.dialect' (remove the property setting and it will be selected by default)
2024-03-25 21:51:16,065 o.h.e.t.j.p.i.JtaPlatformInitiator.initiateService 58 [] INFO [main] HHH000489: No JTA platform available (set 'hibernate.transaction.jta.platform' to enable JTA platform integration)
2024-03-25 21:51:18,325 o.s.boot.StartupInfoLogger.logStarted 56 [] INFO [main] Started Application in 7.149 seconds (process running for 8.009)
2024-03-25 22:16:56,447 o.apache.juli.logging.DirectJDKLog.log 173 [] INFO [http-nio-8080-exec-1] Initializing Spring DispatcherServlet 'dispatcherServlet'
